0 info it worked if it ends with ok
1 verbose cli [ 'C:\\Program Files\\nodejs\\node.exe',
1 verbose cli   'C:\\Program Files\\nodejs\\node_modules\\npm\\bin\\npm-cli.js',
1 verbose cli   'install',
1 verbose cli   '--save-dev',
1 verbose cli   'gulp-nodemon' ]
2 info using npm@4.1.2
3 info using node@v4.4.7
4 silly loadCurrentTree Starting
5 silly install loadCurrentTree
6 silly install readLocalPackageData
7 silly fetchPackageMetaData gulp-nodemon
8 silly fetchNamedPackageData gulp-nodemon
9 silly mapToRegistry name gulp-nodemon
10 silly mapToRegistry using default registry
11 silly mapToRegistry registry https://registry.npmjs.org/
12 silly mapToRegistry data Result {
12 silly mapToRegistry   raw: 'gulp-nodemon',
12 silly mapToRegistry   scope: null,
12 silly mapToRegistry   escapedName: 'gulp-nodemon',
12 silly mapToRegistry   name: 'gulp-nodemon',
12 silly mapToRegistry   rawSpec: '',
12 silly mapToRegistry   spec: 'latest',
12 silly mapToRegistry   type: 'tag' }
13 silly mapToRegistry uri https://registry.npmjs.org/gulp-nodemon
14 verbose request uri https://registry.npmjs.org/gulp-nodemon
15 verbose request no auth needed
16 info attempt registry request try #1 at 4:05:46 PM
17 verbose request id a04a73f1a9661e27
18 http request GET https://registry.npmjs.org/gulp-nodemon
19 http 200 https://registry.npmjs.org/gulp-nodemon
20 verbose headers { server: 'nginx/1.10.1',
20 verbose headers   'content-type': 'application/json',
20 verbose headers   'last-modified': 'Fri, 27 Jan 2017 00:28:11 GMT',
20 verbose headers   etag: 'W/"588a941b-91d7"',
20 verbose headers   'content-encoding': 'gzip',
20 verbose headers   'cache-control': 'max-age=300',
20 verbose headers   'content-length': '6202',
20 verbose headers   'accept-ranges': 'bytes',
20 verbose headers   date: 'Tue, 31 Jan 2017 10:35:46 GMT',
20 verbose headers   via: '1.1 varnish',
20 verbose headers   age: '92',
20 verbose headers   connection: 'keep-alive',
20 verbose headers   'x-served-by': 'cache-ams4443-AMS',
20 verbose headers   'x-cache': 'HIT',
20 verbose headers   'x-cache-hits': '1',
20 verbose headers   'x-timer': 'S1485858946.523662,VS0,VE0',
20 verbose headers   vary: 'Accept-Encoding' }
21 silly get cb [ 200,
21 silly get   { server: 'nginx/1.10.1',
21 silly get     'content-type': 'application/json',
21 silly get     'last-modified': 'Fri, 27 Jan 2017 00:28:11 GMT',
21 silly get     etag: 'W/"588a941b-91d7"',
21 silly get     'content-encoding': 'gzip',
21 silly get     'cache-control': 'max-age=300',
21 silly get     'content-length': '6202',
21 silly get     'accept-ranges': 'bytes',
21 silly get     date: 'Tue, 31 Jan 2017 10:35:46 GMT',
21 silly get     via: '1.1 varnish',
21 silly get     age: '92',
21 silly get     connection: 'keep-alive',
21 silly get     'x-served-by': 'cache-ams4443-AMS',
21 silly get     'x-cache': 'HIT',
21 silly get     'x-cache-hits': '1',
21 silly get     'x-timer': 'S1485858946.523662,VS0,VE0',
21 silly get     vary: 'Accept-Encoding' } ]
22 verbose get saving gulp-nodemon to C:\Users\User\AppData\Roaming\npm-cache\registry.npmjs.org\gulp-nodemon\.cache.json
23 verbose correctMkdir C:\Users\User\AppData\Roaming\npm-cache correctMkdir not in flight; initializing
24 silly install normalizeTree
25 silly loadCurrentTree Finishing
26 silly loadIdealTree Starting
27 silly install loadIdealTree
28 silly cloneCurrentTree Starting
29 silly install cloneCurrentTreeToIdealTree
30 silly cloneCurrentTree Finishing
31 silly loadShrinkwrap Starting
32 silly install loadShrinkwrap
33 silly loadShrinkwrap Finishing
34 silly loadAllDepsIntoIdealTree Starting
35 silly install loadAllDepsIntoIdealTree
36 silly resolveWithNewModule gulp-nodemon@2.2.1 checking installable status
37 silly cache add args [ 'gulp-nodemon', null ]
38 verbose cache add spec gulp-nodemon
39 silly cache add parsed spec Result {
39 silly cache add   raw: 'gulp-nodemon',
39 silly cache add   scope: null,
39 silly cache add   escapedName: 'gulp-nodemon',
39 silly cache add   name: 'gulp-nodemon',
39 silly cache add   rawSpec: '',
39 silly cache add   spec: 'latest',
39 silly cache add   type: 'tag' }
40 silly addNamed gulp-nodemon@latest
41 verbose addNamed "latest" is being treated as a dist-tag for gulp-nodemon
42 info addNameTag [ 'gulp-nodemon', 'latest' ]
43 silly mapToRegistry name gulp-nodemon
44 silly mapToRegistry using default registry
45 silly mapToRegistry registry https://registry.npmjs.org/
46 silly mapToRegistry data Result {
46 silly mapToRegistry   raw: 'gulp-nodemon',
46 silly mapToRegistry   scope: null,
46 silly mapToRegistry   escapedName: 'gulp-nodemon',
46 silly mapToRegistry   name: 'gulp-nodemon',
46 silly mapToRegistry   rawSpec: '',
46 silly mapToRegistry   spec: 'latest',
46 silly mapToRegistry   type: 'tag' }
47 silly mapToRegistry uri https://registry.npmjs.org/gulp-nodemon
48 verbose addNameTag registry:https://registry.npmjs.org/gulp-nodemon not in flight; fetching
49 verbose get https://registry.npmjs.org/gulp-nodemon not expired, no request
50 silly addNameTag next cb for gulp-nodemon with tag latest
51 silly addNamed gulp-nodemon@2.2.1
52 verbose addNamed "2.2.1" is a plain semver version for gulp-nodemon
53 silly mapToRegistry name gulp-nodemon
54 silly mapToRegistry using default registry
55 silly mapToRegistry registry https://registry.npmjs.org/
56 silly mapToRegistry data Result {
56 silly mapToRegistry   raw: 'gulp-nodemon',
56 silly mapToRegistry   scope: null,
56 silly mapToRegistry   escapedName: 'gulp-nodemon',
56 silly mapToRegistry   name: 'gulp-nodemon',
56 silly mapToRegistry   rawSpec: '',
56 silly mapToRegistry   spec: 'latest',
56 silly mapToRegistry   type: 'tag' }
57 silly mapToRegistry uri https://registry.npmjs.org/gulp-nodemon
58 verbose addRemoteTarball https://registry.npmjs.org/gulp-nodemon/-/gulp-nodemon-2.2.1.tgz not in flight; adding
59 verbose addRemoteTarball [ 'https://registry.npmjs.org/gulp-nodemon/-/gulp-nodemon-2.2.1.tgz',
59 verbose addRemoteTarball   'd9bf199f5585458159d3d299153e60b46868b6f4' ]
60 info retry fetch attempt 1 at 4:05:47 PM
61 info attempt registry request try #1 at 4:05:47 PM
62 http fetch GET https://registry.npmjs.org/gulp-nodemon/-/gulp-nodemon-2.2.1.tgz
63 http fetch 200 https://registry.npmjs.org/gulp-nodemon/-/gulp-nodemon-2.2.1.tgz
64 warn retry will retry, error on last attempt: Error: EBUSY: resource busy or locked, rename 'C:\Users\User\AppData\Local\Temp\npm-1780-85660fc0\registry.npmjs.org\gulp-nodemon\-\gulp-nodemon-2.2.1.tgz.978993238' -> 'C:\Users\User\AppData\Local\Temp\npm-1780-85660fc0\registry.npmjs.org\gulp-nodemon\-\gulp-nodemon-2.2.1.tgz'
65 verbose stack TypeError: tarball.destroy is not a function
65 verbose stack     at WriteStreamAtomic.<anonymous> (C:\Program Files\nodejs\node_modules\npm\lib\cache\add-remote-tarball.js:97:15)
65 verbose stack     at emitOne (events.js:82:20)
65 verbose stack     at WriteStreamAtomic.emit (events.js:169:7)
65 verbose stack     at WriteStreamAtomic.emit (C:\Program Files\nodejs\node_modules\npm\node_modules\fs-write-stream-atomic\index.js:60:34)
65 verbose stack     at C:\Program Files\nodejs\node_modules\npm\node_modules\fs-write-stream-atomic\index.js:89:19
65 verbose stack     at FSReqWrap.oncomplete (fs.js:82:15)
66 verbose cwd C:\vishu
67 error Windows_NT 10.0.14393
68 error argv "C:\\Program Files\\nodejs\\node.exe" "C:\\Program Files\\nodejs\\node_modules\\npm\\bin\\npm-cli.js" "install" "--save-dev" "gulp-nodemon"
69 error node v4.4.7
70 error npm  v4.1.2
71 error tarball.destroy is not a function
72 error If you need help, you may report this error at:
72 error     <https://github.com/npm/npm/issues>
73 verbose exit [ 1, true ]
